0 verbose cli /opt/homebrew/Cellar/node/24.6.0/bin/node /opt/homebrew/bin/npm
1 info using npm@11.5.1
2 info using node@v24.6.0
3 silly config load:file:/opt/homebrew/lib/node_modules/npm/npmrc
4 silly config load:file:/Users/tajimaissei/Projects/chara-assistant/devcompanion/frontend/.npmrc
5 silly config load:file:/Users/tajimaissei/.npmrc
6 silly config load:file:/opt/homebrew/etc/npmrc
7 verbose title npm install caniuse-lite baseline-browser-mapping
8 verbose argv "install" "caniuse-lite" "baseline-browser-mapping"
9 verbose logfile logs-max:10 dir:/Users/tajimaissei/Projects/chara-assistant/devcompanion/.npm-cache/_logs/2026-03-04T06_33_04_572Z-
10 verbose logfile /Users/tajimaissei/Projects/chara-assistant/devcompanion/.npm-cache/_logs/2026-03-04T06_33_04_572Z-debug-0.log
11 silly logfile start cleaning logs, removing 1 files
12 silly packumentCache heap:4496293888 maxSize:1124073472 maxEntrySize:562036736
13 silly logfile done cleaning log files
14 silly idealTree buildDeps
15 silly fetch manifest caniuse-lite@*
16 silly packumentCache full:https://registry.npmjs.org/caniuse-lite cache-miss
17 http cache https://registry.npmjs.org/caniuse-lite 55ms (cache hit)
18 silly packumentCache full:https://registry.npmjs.org/caniuse-lite set size:2262783 disposed:false
19 silly fetch manifest baseline-browser-mapping@*
20 silly packumentCache full:https://registry.npmjs.org/baseline-browser-mapping cache-miss
21 http cache https://registry.npmjs.org/baseline-browser-mapping 4ms (cache hit)
22 silly packumentCache full:https://registry.npmjs.org/baseline-browser-mapping set size:393828 disposed:false
23 silly placeDep ROOT baseline-browser-mapping@2.10.0 OK for: devcompanion-frontend@1.0.0 want: *
24 silly placeDep ROOT caniuse-lite@1.0.30001776 OK for: devcompanion-frontend@1.0.0 want: *
25 silly reify moves {}
26 silly audit bulk request {
26 silly audit   '@acemir/cssom': [ '0.9.31' ],
26 silly audit   '@asamuzakjp/css-color': [ '5.0.1' ],
26 silly audit   '@asamuzakjp/dom-selector': [ '6.8.1' ],
26 silly audit   'css-tree': [ '3.1.0' ],
26 silly audit   'mdn-data': [ '2.12.2' ],
26 silly audit   '@asamuzakjp/nwsapi': [ '2.3.9' ],
26 silly audit   '@bramus/specificity': [ '2.4.2' ],
26 silly audit   '@csstools/color-helpers': [ '6.0.2' ],
26 silly audit   '@csstools/css-calc': [ '3.1.1' ],
26 silly audit   '@csstools/css-color-parser': [ '4.0.2' ],
26 silly audit   '@csstools/css-parser-algorithms': [ '4.0.0' ],
26 silly audit   '@csstools/css-syntax-patches-for-csstree': [ '1.0.29' ],
26 silly audit   '@csstools/css-tokenizer': [ '4.0.0' ],
26 silly audit   '@esbuild/aix-ppc64': [ '0.27.3' ],
26 silly audit   '@esbuild/android-arm': [ '0.27.3' ],
26 silly audit   '@esbuild/android-arm64': [ '0.27.3' ],
26 silly audit   '@esbuild/android-x64': [ '0.27.3' ],
26 silly audit   '@esbuild/darwin-arm64': [ '0.27.3' ],
26 silly audit   '@esbuild/darwin-x64': [ '0.27.3' ],
26 silly audit   '@esbuild/freebsd-arm64': [ '0.27.3' ],
26 silly audit   '@esbuild/freebsd-x64': [ '0.27.3' ],
26 silly audit   '@esbuild/linux-arm': [ '0.27.3' ],
26 silly audit   '@esbuild/linux-arm64': [ '0.27.3' ],
26 silly audit   '@esbuild/linux-ia32': [ '0.27.3' ],
26 silly audit   '@esbuild/linux-loong64': [ '0.27.3' ],
26 silly audit   '@esbuild/linux-mips64el': [ '0.27.3' ],
26 silly audit   '@esbuild/linux-ppc64': [ '0.27.3' ],
26 silly audit   '@esbuild/linux-riscv64': [ '0.27.3' ],
26 silly audit   '@esbuild/linux-s390x': [ '0.27.3' ],
26 silly audit   '@esbuild/linux-x64': [ '0.27.3' ],
26 silly audit   '@esbuild/netbsd-arm64': [ '0.27.3' ],
26 silly audit   '@esbuild/netbsd-x64': [ '0.27.3' ],
26 silly audit   '@esbuild/openbsd-arm64': [ '0.27.3' ],
26 silly audit   '@esbuild/openbsd-x64': [ '0.27.3' ],
26 silly audit   '@esbuild/openharmony-arm64': [ '0.27.3' ],
26 silly audit   '@esbuild/sunos-x64': [ '0.27.3' ],
26 silly audit   '@esbuild/win32-arm64': [ '0.27.3' ],
26 silly audit   '@esbuild/win32-ia32': [ '0.27.3' ],
26 silly audit   '@esbuild/win32-x64': [ '0.27.3' ],
26 silly audit   '@eslint-community/eslint-utils': [ '4.9.1' ],
26 silly audit   'eslint-visitor-keys': [ '3.4.3', '5.0.1' ],
26 silly audit   '@eslint-community/regexpp': [ '4.12.2' ],
26 silly audit   '@eslint/config-array': [ '0.23.2' ],
26 silly audit   '@eslint/config-helpers': [ '0.5.2' ],
26 silly audit   '@eslint/core': [ '1.1.0' ],
26 silly audit   '@eslint/object-schema': [ '3.0.2' ],
26 silly audit   '@eslint/plugin-kit': [ '0.6.0' ],
26 silly audit   '@exodus/bytes': [ '1.14.1' ],
26 silly audit   '@humanfs/core': [ '0.19.1' ],
26 silly audit   '@humanfs/node': [ '0.16.7' ],
26 silly audit   '@humanwhocodes/module-importer': [ '1.0.1' ],
26 silly audit   '@humanwhocodes/retry': [ '0.4.3' ],
26 silly audit   '@jridgewell/gen-mapping': [ '0.3.13' ],
26 silly audit   '@jridgewell/remapping': [ '2.3.5' ],
26 silly audit   '@jridgewell/resolve-uri': [ '3.1.2' ],
26 silly audit   '@jridgewell/sourcemap-codec': [ '1.5.5' ],
26 silly audit   '@jridgewell/trace-mapping': [ '0.3.31' ],
26 silly audit   '@rollup/rollup-android-arm-eabi': [ '4.59.0' ],
26 silly audit   '@rollup/rollup-android-arm64': [ '4.59.0' ],
26 silly audit   '@rollup/rollup-darwin-arm64': [ '4.59.0' ],
26 silly audit   '@rollup/rollup-darwin-x64': [ '4.59.0' ],
26 silly audit   '@rollup/rollup-freebsd-arm64': [ '4.59.0' ],
26 silly audit   '@rollup/rollup-freebsd-x64': [ '4.59.0' ],
26 silly audit   '@rollup/rollup-linux-arm-gnueabihf': [ '4.59.0' ],
26 silly audit   '@rollup/rollup-linux-arm-musleabihf': [ '4.59.0' ],
26 silly audit   '@rollup/rollup-linux-arm64-gnu': [ '4.59.0' ],
26 silly audit   '@rollup/rollup-linux-arm64-musl': [ '4.59.0' ],
26 silly audit   '@rollup/rollup-linux-loong64-gnu': [ '4.59.0' ],
26 silly audit   '@rollup/rollup-linux-loong64-musl': [ '4.59.0' ],
26 silly audit   '@rollup/rollup-linux-ppc64-gnu': [ '4.59.0' ],
26 silly audit   '@rollup/rollup-linux-ppc64-musl': [ '4.59.0' ],
26 silly audit   '@rollup/rollup-linux-riscv64-gnu': [ '4.59.0' ],
26 silly audit   '@rollup/rollup-linux-riscv64-musl': [ '4.59.0' ],
26 silly audit   '@rollup/rollup-linux-s390x-gnu': [ '4.59.0' ],
26 silly audit   '@rollup/rollup-linux-x64-gnu': [ '4.59.0' ],
26 silly audit   '@rollup/rollup-linux-x64-musl': [ '4.59.0' ],
26 silly audit   '@rollup/rollup-openbsd-x64': [ '4.59.0' ],
26 silly audit   '@rollup/rollup-openharmony-arm64': [ '4.59.0' ],
26 silly audit   '@rollup/rollup-win32-arm64-msvc': [ '4.59.0' ],
26 silly audit   '@rollup/rollup-win32-ia32-msvc': [ '4.59.0' ],
26 silly audit   '@rollup/rollup-win32-x64-gnu': [ '4.59.0' ],
26 silly audit   '@rollup/rollup-win32-x64-msvc': [ '4.59.0' ],
26 silly audit   '@standard-schema/spec': [ '1.1.0' ],
26 silly audit   '@sveltejs/acorn-typescript': [ '1.0.9' ],
26 silly audit   '@sveltejs/vite-plugin-svelte': [ '6.2.4' ],
26 silly audit   '@sveltejs/vite-plugin-svelte-inspector': [ '5.0.2' ],
26 silly audit   '@types/chai': [ '5.2.3' ],
26 silly audit   '@types/deep-eql': [ '4.0.2' ],
26 silly audit   '@types/esrecurse': [ '4.3.1' ],
26 silly audit   '@types/estree': [ '1.0.8' ],
26 silly audit   '@types/json-schema': [ '7.0.15' ],
26 silly audit   '@types/trusted-types': [ '2.0.7' ],
26 silly audit   '@typescript-eslint/parser': [ '8.56.1' ],
26 silly audit   '@typescript-eslint/project-service': [ '8.56.1' ],
26 silly audit   '@typescript-eslint/scope-manager': [ '8.56.1' ],
26 silly audit   '@typescript-eslint/tsconfig-utils': [ '8.56.1' ],
26 silly audit   '@typescript-eslint/types': [ '8.56.1' ],
26 silly audit   '@typescript-eslint/typescript-estree': [ '8.56.1' ],
26 silly audit   '@typescript-eslint/visitor-keys': [ '8.56.1' ],
26 silly audit   '@vitest/expect': [ '4.0.18' ],
26 silly audit   '@vitest/mocker': [ '4.0.18' ],
26 silly audit   '@vitest/pretty-format': [ '4.0.18' ],
26 silly audit   '@vitest/runner': [ '4.0.18' ],
26 silly audit   '@vitest/snapshot': [ '4.0.18' ],
26 silly audit   '@vitest/spy': [ '4.0.18' ],
26 silly audit   '@vitest/utils': [ '4.0.18' ],
26 silly audit   acorn: [ '8.16.0' ],
26 silly audit   'acorn-jsx': [ '5.3.2' ],
26 silly audit   'agent-base': [ '7.1.4' ],
26 silly audit   ajv: [ '6.14.0' ],
26 silly audit   'aria-query': [ '5.3.1' ],
26 silly audit   'assertion-error': [ '2.0.1' ],
26 silly audit   'axobject-query': [ '4.1.0' ],
26 silly audit   'balanced-match': [ '4.0.4' ],
26 silly audit   'bidi-js': [ '1.0.3' ],
26 silly audit   'brace-expansion': [ '5.0.4' ],
26 silly audit   chai: [ '6.2.2' ],
26 silly audit   chokidar: [ '4.0.3' ],
26 silly audit   clsx: [ '2.1.1' ],
26 silly audit   'cross-spawn': [ '7.0.6' ],
26 silly audit   cssstyle: [ '6.2.0' ],
26 silly audit   'data-urls': [ '7.0.0' ],
26 silly audit   debug: [ '4.4.3' ],
26 silly audit   'decimal.js': [ '10.6.0' ],
26 silly audit   'deep-is': [ '0.1.4' ],
26 silly audit   deepmerge: [ '4.3.1' ],
26 silly audit   devalue: [ '5.6.3' ],
26 silly audit   entities: [ '6.0.1' ],
26 silly audit   'es-module-lexer': [ '1.7.0' ],
26 silly audit   esbuild: [ '0.27.3' ],
26 silly audit   'escape-string-regexp': [ '4.0.0' ],
26 silly audit   eslint: [ '10.0.2' ],
26 silly audit   'eslint-scope': [ '9.1.1' ],
26 silly audit   'esm-env': [ '1.2.2' ],
26 silly audit   espree: [ '11.1.1' ],
26 silly audit   esquery: [ '1.7.0' ],
26 silly audit   esrap: [ '2.2.3' ],
26 silly audit   esrecurse: [ '4.3.0' ],
26 silly audit   estraverse: [ '5.3.0' ],
26 silly audit   'estree-walker': [ '3.0.3' ],
26 silly audit   esutils: [ '2.0.3' ],
26 silly audit   'expect-type': [ '1.3.0' ],
26 silly audit   'fast-deep-equal': [ '3.1.3' ],
26 silly audit   'fast-json-stable-stringify': [ '2.1.0' ],
26 silly audit   'fast-levenshtein': [ '2.0.6' ],
26 silly audit   fdir: [ '6.5.0' ],
26 silly audit   'file-entry-cache': [ '8.0.0' ],
26 silly audit   'find-up': [ '5.0.0' ],
26 silly audit   'flat-cache': [ '4.0.1' ],
26 silly audit   flatted: [ '3.3.4' ],
26 silly audit   fsevents: [ '2.3.3' ],
26 silly audit   'glob-parent': [ '6.0.2' ],
26 silly audit   'html-encoding-sniffer': [ '6.0.0' ],
26 silly audit   'http-proxy-agent': [ '7.0.2' ],
26 silly audit   'https-proxy-agent': [ '7.0.6' ],
26 silly audit   ignore: [ '5.3.2' ],
26 silly audit   imurmurhash: [ '0.1.4' ],
26 silly audit   'is-extglob': [ '2.1.1' ],
26 silly audit   'is-glob': [ '4.0.3' ],
26 silly audit   'is-potential-custom-element-name': [ '1.0.1' ],
26 silly audit   'is-reference': [ '3.0.3' ],
26 silly audit   isexe: [ '2.0.0' ],
26 silly audit   jsdom: [ '28.1.0' ],
26 silly audit   'json-buffer': [ '3.0.1' ],
26 silly audit   'json-schema-traverse': [ '0.4.1' ],
26 silly audit   'json-stable-stringify-without-jsonify': [ '1.0.1' ],
26 silly audit   keyv: [ '4.5.4' ],
26 silly audit   levn: [ '0.4.1' ],
26 silly audit   'locate-character': [ '3.0.0' ],
26 silly audit   'locate-path': [ '6.0.0' ],
26 silly audit   'lru-cache': [ '11.2.6' ],
26 silly audit   'magic-string': [ '0.30.21' ],
26 silly audit   minimatch: [ '10.2.4' ],
26 silly audit   mri: [ '1.2.0' ],
26 silly audit   ms: [ '2.1.3' ],
26 silly audit   nanoid: [ '3.3.11' ],
26 silly audit   'natural-compare': [ '1.4.0' ],
26 silly audit   obug: [ '2.1.1' ],
26 silly audit   optionator: [ '0.9.4' ],
26 silly audit   'p-limit': [ '3.1.0' ],
26 silly audit   'p-locate': [ '5.0.0' ],
26 silly audit   parse5: [ '8.0.0' ],
26 silly audit   'path-exists': [ '4.0.0' ],
26 silly audit   'path-key': [ '3.1.1' ],
26 silly audit   pathe: [ '2.0.3' ],
26 silly audit   picocolors: [ '1.1.1' ],
26 silly audit   postcss: [ '8.5.8' ],
26 silly audit   'prelude-ls': [ '1.2.1' ],
26 silly audit   punycode: [ '2.3.1' ],
26 silly audit   readdirp: [ '4.1.2' ],
26 silly audit   'require-from-string': [ '2.0.2' ],
26 silly audit   rollup: [ '4.59.0' ],
26 silly audit   sade: [ '1.8.1' ],
26 silly audit   saxes: [ '6.0.0' ],
26 silly audit   semver: [ '7.7.4' ],
26 silly audit   'shebang-command': [ '2.0.0' ],
26 silly audit   'shebang-regex': [ '3.0.0' ],
26 silly audit   siginfo: [ '2.0.0' ],
26 silly audit   'source-map-js': [ '1.2.1' ],
26 silly audit   stackback: [ '0.0.2' ],
26 silly audit   'std-env': [ '3.10.0' ],
26 silly audit   svelte: [ '5.53.7' ],
26 silly audit   'svelte-check': [ '4.4.4' ],
26 silly audit   'symbol-tree': [ '3.2.4' ],
26 silly audit   tinybench: [ '2.9.0' ],
26 silly audit   tinyexec: [ '1.0.2' ],
26 silly audit   tinyglobby: [ '0.2.15' ],
26 silly audit   picomatch: [ '4.0.3' ],
26 silly audit   tinyrainbow: [ '3.0.3' ],
26 silly audit   tldts: [ '7.0.24' ],
26 silly audit   'tldts-core': [ '7.0.24' ],
26 silly audit   'tough-cookie': [ '6.0.0' ],
26 silly audit   tr46: [ '6.0.0' ],
26 silly audit   'ts-api-utils': [ '2.4.0' ],
26 silly audit   tslib: [ '2.8.1' ],
26 silly audit   'type-check': [ '0.4.0' ],
26 silly audit   typescript: [ '5.9.3' ],
26 silly audit   undici: [ '7.22.0' ],
26 silly audit   'uri-js': [ '4.4.1' ],
26 silly audit   vite: [ '7.3.1' ],
26 silly audit   vitefu: [ '1.1.2' ],
26 silly audit   vitest: [ '4.0.18' ],
26 silly audit   'w3c-xmlserializer': [ '5.0.0' ],
26 silly audit   'webidl-conversions': [ '8.0.1' ],
26 silly audit   'whatwg-mimetype': [ '5.0.0' ],
26 silly audit   'whatwg-url': [ '16.0.1' ],
26 silly audit   which: [ '2.0.2' ],
26 silly audit   'why-is-node-running': [ '2.3.0' ],
26 silly audit   'word-wrap': [ '1.2.5' ],
26 silly audit   'xml-name-validator': [ '5.0.0' ],
26 silly audit   xmlchars: [ '2.2.0' ],
26 silly audit   'yocto-queue': [ '0.1.0' ],
26 silly audit   zimmerframe: [ '1.1.4' ],
26 silly audit   'baseline-browser-mapping': [ '2.10.0' ],
26 silly audit   'caniuse-lite': [ '1.0.30001776' ]
26 silly audit }
27 http cache baseline-browser-mapping@https://registry.npmjs.org/baseline-browser-mapping/-/baseline-browser-mapping-2.10.0.tgz 0ms (cache hit)
28 http cache caniuse-lite@https://registry.npmjs.org/caniuse-lite/-/caniuse-lite-1.0.30001776.tgz 0ms (cache hit)
29 http fetch POST 200 https://registry.npmjs.org/-/npm/v1/security/advisories/bulk 264ms
30 silly audit report {}
31 silly ADD node_modules/caniuse-lite
32 silly ADD node_modules/baseline-browser-mapping
33 verbose cwd /Users/tajimaissei/Projects/chara-assistant/devcompanion/frontend
34 verbose os Darwin 25.2.0
35 verbose node v24.6.0
36 verbose npm  v11.5.1
37 verbose exit 0
38 info ok
