0 verbose cli /opt/homebrew/Cellar/node/24.6.0/bin/node /opt/homebrew/lib/node_modules/npm/bin/npm-cli.js
1 info using npm@11.5.1
2 info using node@v24.6.0
3 silly config load:file:/opt/homebrew/lib/node_modules/npm/npmrc
4 silly config load:file:/Users/tajimaissei/Projects/chara-assistant/devcompanion/frontend/.npmrc
5 silly config load:file:/Users/tajimaissei/.npmrc
6 silly config load:file:/opt/homebrew/etc/npmrc
7 verbose title npm exec update-browserslist-db@latest
8 verbose argv "exec" "--yes" "--cache" "../.npm-cache" "--" "update-browserslist-db@latest"
9 verbose logfile logs-max:10 dir:/Users/tajimaissei/Projects/chara-assistant/devcompanion/.npm-cache/_logs/2026-03-04T06_33_03_002Z-
10 verbose logfile /Users/tajimaissei/Projects/chara-assistant/devcompanion/.npm-cache/_logs/2026-03-04T06_33_03_002Z-debug-0.log
11 silly logfile start cleaning logs, removing 1 files
12 silly logfile done cleaning log files
13 silly packumentCache heap:4496293888 maxSize:1124073472 maxEntrySize:562036736
14 http fetch GET 200 https://registry.npmjs.org/update-browserslist-db 152ms (cache revalidated)
15 silly packumentCache heap:4496293888 maxSize:1124073472 maxEntrySize:562036736
16 silly packumentCache heap:4496293888 maxSize:1124073472 maxEntrySize:562036736
17 verbose cwd /Users/tajimaissei/Projects/chara-assistant/devcompanion/frontend
18 verbose os Darwin 25.2.0
19 verbose node v24.6.0
20 verbose npm  v11.5.1
21 verbose exit 0
22 info ok
